<?xml version="1.0" encoding="UTF-8"?>
<!-- Generated by org.testng.reporters.JUnitReportReporter -->
<testsuite hostname="LIN49004476" failures="0" tests="1" name="TestCases.Testtest" time="0.028" errors="0" timestamp="2023-07-27T12:18:58 IST" skipped="0">
  <testcase classname="TestCases.Testtest" name="testing" time="0.028"/>
  <system-out/>
</testsuite> <!-- TestCases.Testtest -->
