<?xml version="1.0" encoding="UTF-8"?>
<!-- Generated by org.testng.reporters.JUnitReportReporter -->
<testsuite hostname="LIN49004476" failures="0" tests="1" name="TestCases.SFDC_Loyalty" time="19.395" errors="0" timestamp="2023-08-04T16:31:31 IST" skipped="0">
  <testcase classname="TestCases.SFDC_Loyalty" name="User_Registration" time="19.395"/>
  <system-out/>
</testsuite> <!-- TestCases.SFDC_Loyalty -->
