<?xml version="1.0" encoding="UTF-8"?>
<!-- Generated by org.testng.reporters.JUnitReportReporter -->
<testsuite hostname="LIN49004476" failures="0" tests="1" name="TestCases.SDFC_Loyalty_TestCases" time="48.734" errors="0" timestamp="2023-08-05T00:40:02 IST" skipped="0">
  <testcase classname="TestCases.SDFC_Loyalty_TestCases" name="User_Registration" time="48.734"/>
  <system-out/>
</testsuite> <!-- TestCases.SDFC_Loyalty_TestCases -->
